<?xml version="1.0" encoding="UTF-8" ?>
<testsuites>
  <testsuite errors="0" failures="0" hostname="WDNMD" id="0" name="FilterAndNGramMatcherTest" package="" skipped="0" tests="8" time="0.066" timestamp="2025-04-11T10:04:52">
      <properties>
[...]
</properties>

      <testcase classname="FilterAndNGramMatcherTest" name="testFilterFromNullPredicate" time="0.004" />

      <testcase classname="FilterAndNGramMatcherTest" name="testFilterBasic" time="0.0" />

      <testcase classname="FilterAndNGramMatcherTest" name="testFilterFALSE" time="0.0" />

      <testcase classname="FilterAndNGramMatcherTest" name="testNGramMatcherAnagram" time="0.004" />

      <testcase classname="FilterAndNGramMatcherTest" name="testNGramMatcherDifferentLengths" time="0.0" />

      <testcase classname="FilterAndNGramMatcherTest" name="testFilterAnd" time="0.001" />

      <testcase classname="FilterAndNGramMatcherTest" name="testNGramMatcherMisplaced" time="0.0" />

      <testcase classname="FilterAndNGramMatcherTest" name="testNGramMatcherExactAndAbsent" time="0.0" />

      <system-out><![CDATA[]]></system-out>

      <system-err><![CDATA[]]></system-err>

  </testsuite>
  <testsuite errors="0" failures="0" hostname="WDNMD" id="1" name="MatchleGameTest" package="" skipped="0" tests="2" time="0.075" timestamp="2025-04-11T10:04:52">
      <properties>
[...]
</properties>

      <testcase classname="MatchleGameTest" name="testAnotherGuessScenario" time="0.009" />

      <testcase classname="MatchleGameTest" name="testSimpleMatchle" time="0.0" />

      <system-out><![CDATA[]]></system-out>

      <system-err><![CDATA[]]></system-err>

  </testsuite>
  <testsuite errors="0" failures="0" hostname="WDNMD" id="2" name="MatchleScorerTest" package="" skipped="0" tests="7" time="0.082" timestamp="2025-04-11T10:04:53">
      <properties>
[...]
</properties>

      <testcase classname="MatchleScorerTest" name="testBestWorstCaseGuess" time="0.017" />

      <testcase classname="MatchleScorerTest" name="testScore" time="0.0" />

      <testcase classname="MatchleScorerTest" name="testScoreAverageCase" time="0.001" />

      <testcase classname="MatchleScorerTest" name="testScoreNullKey" time="0.001" />

      <testcase classname="MatchleScorerTest" name="testScoreNullGuess" time="0.0" />

      <testcase classname="MatchleScorerTest" name="testBestAverageCaseGuess" time="0.001" />

      <testcase classname="MatchleScorerTest" name="testScoreWorstCase" time="0.0" />

      <system-out><![CDATA[]]></system-out>

      <system-err><![CDATA[]]></system-err>

  </testsuite>
</testsuites>
