<?xml version="1.0" encoding="UTF-8" ?>
<testsuite errors="0" failures="0" hostname="LX002" name="MatchleScorerTest" skipped="0" tests="7" time="0.126" timestamp="2025-04-18T16:25:19">
  <properties>
[...]
</properties>
  <testcase classname="MatchleScorerTest" name="testBestWorstCaseGuess" time="0.027" />
  <testcase classname="MatchleScorerTest" name="testScore" time="0.002" />
  <testcase classname="MatchleScorerTest" name="testScoreAverageCase" time="0.001" />
  <testcase classname="MatchleScorerTest" name="testScoreNullKey" time="0.001" />
  <testcase classname="MatchleScorerTest" name="testScoreNullGuess" time="0.001" />
  <testcase classname="MatchleScorerTest" name="testBestAverageCaseGuess" time="0.003" />
  <testcase classname="MatchleScorerTest" name="testScoreWorstCase" time="0.0" />
  <system-out><![CDATA[]]></system-out>
  <system-err><![CDATA[]]></system-err>
</testsuite>
