<?xml version="1.0" encoding="UTF-8" ?>
<testsuite errors="1" failures="1" hostname="LX002" name="CorpusTest" skipped="0" tests="7" time="0.102" timestamp="2025-04-18T16:25:18">
  <properties>
    <property name="ant.library.dir" value="C:\Users\24457\apache-ant-1.10.15-bin\apache-ant-1.10.15\lib" />
    <property name="ant.file.type" value="file" />
    <property name="java.specification.version" value="23" />
    <property name="ant.project.name" value="MatchleGameProject" />
    <property name="sun.cpu.isalist" value="amd64" />
    <property name="sun.jnu.encoding" value="Cp1252" />
    <property name="java.class.path" value="C:\Users\24457\OneDrive\Documents\GitHub\matchle\lib\junit-4.13.2.jar;C:\Users\24457\OneDrive\Documents\GitHub\matchle\lib\hamcrest-core-1.3.jar;C:\Users\24457\OneDrive\Documents\GitHub\matchle\build;C:\Users\24457\apache-ant-1.10.15-bin\apache-ant-1.10.15\lib\junit-4.13.jar;C:\Users\24457\apache-ant-1.10.15-bin\apache-ant-1.10.15\lib\ant-launcher.jar;C:\Users\24457\apache-ant-1.10.15-bin\apache-ant-1.10.15\lib\ant.jar;C:\Users\24457\apache-ant-1.10.15-bin\apache-ant-1.10.15\lib\ant-junit.jar;C:\Users\24457\apache-ant-1.10.15-bin\apache-ant-1.10.15\lib\ant-junit4.jar" />
    <property name="java.vm.vendor" value="Oracle Corporation" />
    <property name="sun.arch.data.model" value="64" />
    <property name="main-class" value="MatchleExtensionApp" />
    <property name="user.variant" value="" />
    <property name="java.vendor.url" value="https://java.oracle.com/" />
    <property name="os.name" value="Windows 11" />
    <property name="java.vm.specification.version" value="23" />
    <property name="sun.java.launcher" value="SUN_STANDARD" />
    <property name="user.country" value="US" />
    <property name="sun.boot.library.path" value="C:\Program Files\Java\jdk-23\bin" />
    <property name="output.dir" value="output" />
    <property name="sun.java.command" value="org.apache.tools.ant.taskdefs.optional.junit.JUnitTestRunner CorpusTest skipNonTests=false filtertrace=false haltOnError=false haltOnFailure=false formatter=org.apache.tools.ant.taskdefs.optional.junit.OutErrSummaryJUnitResultFormatter showoutput=false outputtoformatters=true logfailedtests=true threadid=0 logtestlistenerevents=false formatter=org.apache.tools.ant.taskdefs.optional.junit.XMLJUnitResultFormatter,C:\Users\24457\OneDrive\Documents\GitHub\matchle\report\junit\TEST-CorpusTest.xml crashfile=C:\Users\24457\OneDrive\Documents\GitHub\matchle\junitvmwatcher277302487669261583.properties propsfile=C:\Users\24457\OneDrive\Documents\GitHub\matchle\junit1859967179602401979.properties" />
    <property name="jdk.debug" value="release" />
    <property name="sun.cpu.endian" value="little" />
    <property name="user.home" value="C:\Users\24457" />
    <property name="user.language" value="en" />
    <property name="java.specification.vendor" value="Oracle Corporation" />
    <property name="_jacoco.agentFile" value="C:\Users\24457\AppData\Local\Temp\jacocoagent6070709027902814932.jar" />
    <property name="java.version.date" value="2025-01-21" />
    <property name="java.home" value="C:\Program Files\Java\jdk-23" />
    <property name="basedir" value="C:\Users\24457\OneDrive\Documents\GitHub\matchle" />
    <property name="file.separator" value="\" />
    <property name="jacoco.file" value="report/jacoco/jacoco.exec" />
    <property name="java.vm.compressedOopsMode" value="Zero based" />
    <property name="line.separator" value="&#xd;&#xa;" />
    <property name="ant.java.version" value="23" />
    <property name="java.specification.name" value="Java Platform API Specification" />
    <property name="java.vm.specification.vendor" value="Oracle Corporation" />
    <property name="doc.dir" value="doc" />
    <property name="ant.file.MatchleGameProject" value="C:\Users\24457\OneDrive\Documents\GitHub\matchle\build.xml" />
    <property name="ant.file.type.MatchleGameProject" value="file" />
    <property name="user.script" value="" />
    <property name="sun.management.compiler" value="HotSpot 64-Bit Tiered Compilers" />
    <property name="java.runtime.version" value="23.0.2+7-58" />
    <property name="user.name" value="24457" />
    <property name="ant.file" value="C:\Users\24457\OneDrive\Documents\GitHub\matchle\build.xml" />
    <property name="stdout.encoding" value="Cp1252" />
    <property name="path.separator" value=";" />
    <property name="jacoco.dir" value="report/jacoco" />
    <property name="os.version" value="10.0" />
    <property name="java.runtime.name" value="Java(TM) SE Runtime Environment" />
    <property name="file.encoding" value="UTF-8" />
    <property name="ant.project.invoked-targets" value="report" />
    <property name="java.vm.name" value="Java HotSpot(TM) 64-Bit Server VM" />
    <property name="report.dir" value="report" />
    <property name="junit.dir" value="report/junit" />
    <property name="build.dir" value="build" />
    <property name="ant.core.lib" value="C:\Users\24457\apache-ant-1.10.15-bin\apache-ant-1.10.15\lib\ant.jar" />
    <property name="java.vendor.url.bug" value="https://bugreport.java.com/bugreport/" />
    <property name="java.io.tmpdir" value="C:\Users\24457\AppData\Local\Temp\" />
    <property name="java.version" value="23.0.2" />
    <property name="user.dir" value="C:\Users\24457\OneDrive\Documents\GitHub\matchle" />
    <property name="os.arch" value="amd64" />
    <property name="output.file" value="output/output.txt" />
    <property name="java.vm.specification.name" value="Java Virtual Machine Specification" />
    <property name="ant.home" value="C:\Users\24457\apache-ant-1.10.15-bin\apache-ant-1.10.15" />
    <property name="sun.os.patch.level" value="" />
    <property name="error.file" value="output/error.txt" />
    <property name="native.encoding" value="Cp1252" />
    <property name="ant.version" value="Apache Ant(TM) version 1.10.15 compiled on August 25 2024" />
    <property name="java.library.path" value="C:\Program Files\Java\jdk-23\bin;C:\WINDOWS\Sun\Java\bin;C:\WINDOWS\system32;C:\WINDOWS;C:\Program Files\Common Files\Oracle\Java\javapath;C:\Windows\System32;C:\Windows;C:\Windows\System32\Wbem;C:\Windows\System32\WindowsPowerShell\v1.0\;C:\Users\24457\apache-ant-1.10.15-bin\apache-ant-1.10.15\bin\ant.bat;C:\Users\24457\apache-ant-1.10.15-bin\apache-ant-1.10.15\bin;C:\Users\24457\AppData\Roaming\local\bin\stack.exe;C:\msys64\usr\bin;C:\msys64\mingw64\bin;C:\Users\24457\AppData\Roaming\local\bin;C:\Users\24457\AppData\Local\Microsoft\WindowsApps;D:\Microsoft VS Code\bin;C:\Users\24457\AppData\Local\GitHubDesktop\bin;C:\ghcup\bin;C:\Users\24457\AppData\Roaming\local\bin\stack.exe;C:\msys64\usr\bin;C:\msys64\mingw64\bin;;." />
    <property name="java.vendor" value="Oracle Corporation" />
    <property name="stderr.encoding" value="Cp1252" />
    <property name="java.vm.info" value="mixed mode, sharing" />
    <property name="java.vm.version" value="23.0.2+7-58" />
    <property name="sun.io.unicode.encoding" value="UnicodeLittle" />
    <property name="java.class.version" value="67.0" />
    <property name="src.dir" value="." />
  </properties>
  <testcase classname="CorpusTest" name="testIteratorAndStream" time="0.009" />
  <testcase classname="CorpusTest" name="testBuildNonEmptyCorpus" time="0.004">
    <failure message="Should contain exactly 1 NGram expected:&lt;1&gt; but was:&lt;2&gt;" type="junit.framework.AssertionFailedError">junit.framework.AssertionFailedError: Should contain exactly 1 NGram expected:&lt;1&gt; but was:&lt;2&gt;
	at org.junit.Assert.fail(Assert.java:89)
	at org.junit.Assert.failNotEquals(Assert.java:835)
	at org.junit.Assert.assertEquals(Assert.java:647)
	at CorpusTest.testBuildNonEmptyCorpus(CorpusTest.java:31)
	at java.base/jdk.internal.reflect.DirectMethodHandleAccessor.invoke(DirectMethodHandleAccessor.java:103)
	at java.base/java.lang.reflect.Method.invoke(Method.java:580)
	at org.junit.runners.model.FrameworkMethod$1.runReflectiveCall(FrameworkMethod.java:59)
	at org.junit.internal.runners.model.ReflectiveCallable.run(ReflectiveCallable.java:12)
	at org.junit.runners.model.FrameworkMethod.invokeExplosively(FrameworkMethod.java:56)
	at org.junit.internal.runners.statements.InvokeMethod.evaluate(InvokeMethod.java:17)
	at org.junit.runners.ParentRunner$3.evaluate(ParentRunner.java:306)
	at org.junit.runners.BlockJUnit4ClassRunner$1.evaluate(BlockJUnit4ClassRunner.java:100)
	at org.junit.runners.ParentRunner.runLeaf(ParentRunner.java:366)
	at org.junit.runners.BlockJUnit4ClassRunner.runChild(BlockJUnit4ClassRunner.java:103)
	at org.junit.runners.BlockJUnit4ClassRunner.runChild(BlockJUnit4ClassRunner.java:63)
	at org.junit.runners.ParentRunner$4.run(ParentRunner.java:331)
	at org.junit.runners.ParentRunner$1.schedule(ParentRunner.java:79)
	at org.junit.runners.ParentRunner.runChildren(ParentRunner.java:329)
	at org.junit.runners.ParentRunner.access$100(ParentRunner.java:66)
	at org.junit.runners.ParentRunner$2.evaluate(ParentRunner.java:293)
	at org.junit.runners.ParentRunner$3.evaluate(ParentRunner.java:306)
	at org.junit.runners.ParentRunner.run(ParentRunner.java:413)
	at junit.framework.JUnit4TestAdapter.run(JUnit4TestAdapter.java:50)
	at org.apache.tools.ant.taskdefs.optional.junit.JUnitTestRunner.run(JUnitTestRunner.java:535)
	at org.apache.tools.ant.taskdefs.optional.junit.JUnitTestRunner.launch(JUnitTestRunner.java:1197)
	at org.apache.tools.ant.taskdefs.optional.junit.JUnitTestRunner.main(JUnitTestRunner.java:1042)
</failure>
  </testcase>
  <testcase classname="CorpusTest" name="testContainsAndSizeFilter" time="0.004" />
  <testcase classname="CorpusTest" name="testBuildInconsistentSizes" time="0.0" />
  <testcase classname="CorpusTest" name="testBuildEmptyCorpus" time="0.0">
    <error message="Inconsistent NGram sizes in builder." type="java.lang.IllegalStateException">java.lang.IllegalStateException: Inconsistent NGram sizes in builder.
	at Corpus$Builder.build(Corpus.java:167)
	at CorpusTest.testBuildEmptyCorpus(CorpusTest.java:15)
	at java.base/jdk.internal.reflect.DirectMethodHandleAccessor.invoke(DirectMethodHandleAccessor.java:103)
	at java.base/java.lang.reflect.Method.invoke(Method.java:580)
	at org.junit.runners.model.FrameworkMethod$1.runReflectiveCall(FrameworkMethod.java:59)
	at org.junit.internal.runners.model.ReflectiveCallable.run(ReflectiveCallable.java:12)
	at org.junit.runners.model.FrameworkMethod.invokeExplosively(FrameworkMethod.java:56)
	at org.junit.internal.runners.statements.InvokeMethod.evaluate(InvokeMethod.java:17)
	at org.junit.runners.ParentRunner$3.evaluate(ParentRunner.java:306)
	at org.junit.runners.BlockJUnit4ClassRunner$1.evaluate(BlockJUnit4ClassRunner.java:100)
	at org.junit.runners.ParentRunner.runLeaf(ParentRunner.java:366)
	at org.junit.runners.BlockJUnit4ClassRunner.runChild(BlockJUnit4ClassRunner.java:103)
	at org.junit.runners.BlockJUnit4ClassRunner.runChild(BlockJUnit4ClassRunner.java:63)
	at org.junit.runners.ParentRunner$4.run(ParentRunner.java:331)
	at org.junit.runners.ParentRunner$1.schedule(ParentRunner.java:79)
	at org.junit.runners.ParentRunner.runChildren(ParentRunner.java:329)
	at org.junit.runners.ParentRunner.access$100(ParentRunner.java:66)
	at org.junit.runners.ParentRunner$2.evaluate(ParentRunner.java:293)
	at org.junit.runners.ParentRunner$3.evaluate(ParentRunner.java:306)
	at org.junit.runners.ParentRunner.run(ParentRunner.java:413)
	at junit.framework.JUnit4TestAdapter.run(JUnit4TestAdapter.java:50)
	at org.apache.tools.ant.taskdefs.optional.junit.JUnitTestRunner.run(JUnitTestRunner.java:535)
	at org.apache.tools.ant.taskdefs.optional.junit.JUnitTestRunner.launch(JUnitTestRunner.java:1197)
	at org.apache.tools.ant.taskdefs.optional.junit.JUnitTestRunner.main(JUnitTestRunner.java:1042)
</error>
  </testcase>
  <testcase classname="CorpusTest" name="testAddAllNullCollection" time="0.001" />
  <testcase classname="CorpusTest" name="testAddNullNGram" time="0.0" />
  <system-out><![CDATA[]]></system-out>
  <system-err><![CDATA[]]></system-err>
</testsuite>
