<?xml version="1.0" encoding="UTF-8" ?>
<testsuites>
  <testsuite errors="1" failures="1" hostname="LX002" id="0" name="CorpusTest" package="" skipped="0" tests="7" time="0.102" timestamp="2025-04-18T16:25:18">
      <properties>
[...]
</properties>

      <testcase classname="CorpusTest" name="testIteratorAndStream" time="0.009" />

      <testcase classname="CorpusTest" name="testBuildNonEmptyCorpus" time="0.004">
          <failure message="Should contain exactly 1 NGram expected:&lt;1&gt; but was:&lt;2&gt;" type="junit.framework.AssertionFailedError">junit.framework.AssertionFailedError: Should contain exactly 1 NGram expected:&lt;1&gt; but was:&lt;2&gt;
	at org.junit.Assert.fail(Assert.java:89)
	at org.junit.Assert.failNotEquals(Assert.java:835)
	at org.junit.Assert.assertEquals(Assert.java:647)
	at CorpusTest.testBuildNonEmptyCorpus(CorpusTest.java:31)
	at java.base/jdk.internal.reflect.DirectMethodHandleAccessor.invoke(DirectMethodHandleAccessor.java:103)
	at java.base/java.lang.reflect.Method.invoke(Method.java:580)
	at org.junit.runners.model.FrameworkMethod$1.runReflectiveCall(FrameworkMethod.java:59)
	at org.junit.internal.runners.model.ReflectiveCallable.run(ReflectiveCallable.java:12)
	at org.junit.runners.model.FrameworkMethod.invokeExplosively(FrameworkMethod.java:56)
	at org.junit.internal.runners.statements.InvokeMethod.evaluate(InvokeMethod.java:17)
	at org.junit.runners.ParentRunner$3.evaluate(ParentRunner.java:306)
	at org.junit.runners.BlockJUnit4ClassRunner$1.evaluate(BlockJUnit4ClassRunner.java:100)
	at org.junit.runners.ParentRunner.runLeaf(ParentRunner.java:366)
	at org.junit.runners.BlockJUnit4ClassRunner.runChild(BlockJUnit4ClassRunner.java:103)
	at org.junit.runners.BlockJUnit4ClassRunner.runChild(BlockJUnit4ClassRunner.java:63)
	at org.junit.runners.ParentRunner$4.run(ParentRunner.java:331)
	at org.junit.runners.ParentRunner$1.schedule(ParentRunner.java:79)
	at org.junit.runners.ParentRunner.runChildren(ParentRunner.java:329)
	at org.junit.runners.ParentRunner.access$100(ParentRunner.java:66)
	at org.junit.runners.ParentRunner$2.evaluate(ParentRunner.java:293)
	at org.junit.runners.ParentRunner$3.evaluate(ParentRunner.java:306)
	at org.junit.runners.ParentRunner.run(ParentRunner.java:413)
	at junit.framework.JUnit4TestAdapter.run(JUnit4TestAdapter.java:50)
	at org.apache.tools.ant.taskdefs.optional.junit.JUnitTestRunner.run(JUnitTestRunner.java:535)
	at org.apache.tools.ant.taskdefs.optional.junit.JUnitTestRunner.launch(JUnitTestRunner.java:1197)
	at org.apache.tools.ant.taskdefs.optional.junit.JUnitTestRunner.main(JUnitTestRunner.java:1042)
</failure>

      </testcase>

      <testcase classname="CorpusTest" name="testContainsAndSizeFilter" time="0.004" />

      <testcase classname="CorpusTest" name="testBuildInconsistentSizes" time="0.0" />

      <testcase classname="CorpusTest" name="testBuildEmptyCorpus" time="0.0">
          <error message="Inconsistent NGram sizes in builder." type="java.lang.IllegalStateException">java.lang.IllegalStateException: Inconsistent NGram sizes in builder.
	at Corpus$Builder.build(Corpus.java:167)
	at CorpusTest.testBuildEmptyCorpus(CorpusTest.java:15)
	at java.base/jdk.internal.reflect.DirectMethodHandleAccessor.invoke(DirectMethodHandleAccessor.java:103)
	at java.base/java.lang.reflect.Method.invoke(Method.java:580)
	at org.junit.runners.model.FrameworkMethod$1.runReflectiveCall(FrameworkMethod.java:59)
	at org.junit.internal.runners.model.ReflectiveCallable.run(ReflectiveCallable.java:12)
	at org.junit.runners.model.FrameworkMethod.invokeExplosively(FrameworkMethod.java:56)
	at org.junit.internal.runners.statements.InvokeMethod.evaluate(InvokeMethod.java:17)
	at org.junit.runners.ParentRunner$3.evaluate(ParentRunner.java:306)
	at org.junit.runners.BlockJUnit4ClassRunner$1.evaluate(BlockJUnit4ClassRunner.java:100)
	at org.junit.runners.ParentRunner.runLeaf(ParentRunner.java:366)
	at org.junit.runners.BlockJUnit4ClassRunner.runChild(BlockJUnit4ClassRunner.java:103)
	at org.junit.runners.BlockJUnit4ClassRunner.runChild(BlockJUnit4ClassRunner.java:63)
	at org.junit.runners.ParentRunner$4.run(ParentRunner.java:331)
	at org.junit.runners.ParentRunner$1.schedule(ParentRunner.java:79)
	at org.junit.runners.ParentRunner.runChildren(ParentRunner.java:329)
	at org.junit.runners.ParentRunner.access$100(ParentRunner.java:66)
	at org.junit.runners.ParentRunner$2.evaluate(ParentRunner.java:293)
	at org.junit.runners.ParentRunner$3.evaluate(ParentRunner.java:306)
	at org.junit.runners.ParentRunner.run(ParentRunner.java:413)
	at junit.framework.JUnit4TestAdapter.run(JUnit4TestAdapter.java:50)
	at org.apache.tools.ant.taskdefs.optional.junit.JUnitTestRunner.run(JUnitTestRunner.java:535)
	at org.apache.tools.ant.taskdefs.optional.junit.JUnitTestRunner.launch(JUnitTestRunner.java:1197)
	at org.apache.tools.ant.taskdefs.optional.junit.JUnitTestRunner.main(JUnitTestRunner.java:1042)
</error>

      </testcase>

      <testcase classname="CorpusTest" name="testAddAllNullCollection" time="0.001" />

      <testcase classname="CorpusTest" name="testAddNullNGram" time="0.0" />

      <system-out><![CDATA[]]></system-out>

      <system-err><![CDATA[]]></system-err>

  </testsuite>
  <testsuite errors="0" failures="0" hostname="LX002" id="1" name="FilterTest" package="" skipped="0" tests="6" time="0.099" timestamp="2025-04-18T16:25:19">
      <properties>
[...]
</properties>

      <testcase classname="FilterTest" name="testFilterFromNullPredicate" time="0.007" />

      <testcase classname="FilterTest" name="testAndEmptyOptional" time="0.001" />

      <testcase classname="FilterTest" name="testFilterFalse" time="0.0" />

      <testcase classname="FilterTest" name="testTestNullNGram" time="0.0" />

      <testcase classname="FilterTest" name="testAndWithFilter" time="0.001" />

      <testcase classname="FilterTest" name="testAndNullOptional" time="0.0" />

      <system-out><![CDATA[]]></system-out>

      <system-err><![CDATA[]]></system-err>

  </testsuite>
  <testsuite errors="0" failures="0" hostname="LX002" id="2" name="MatchleScorerTest" package="" skipped="0" tests="7" time="0.126" timestamp="2025-04-18T16:25:19">
      <properties>
[...]
</properties>

      <testcase classname="MatchleScorerTest" name="testBestWorstCaseGuess" time="0.027" />

      <testcase classname="MatchleScorerTest" name="testScore" time="0.002" />

      <testcase classname="MatchleScorerTest" name="testScoreAverageCase" time="0.001" />

      <testcase classname="MatchleScorerTest" name="testScoreNullKey" time="0.001" />

      <testcase classname="MatchleScorerTest" name="testScoreNullGuess" time="0.001" />

      <testcase classname="MatchleScorerTest" name="testBestAverageCaseGuess" time="0.003" />

      <testcase classname="MatchleScorerTest" name="testScoreWorstCase" time="0.0" />

      <system-out><![CDATA[]]></system-out>

      <system-err><![CDATA[]]></system-err>

  </testsuite>
  <testsuite errors="0" failures="0" hostname="LX002" id="3" name="NGramMatcherTest" package="" skipped="0" tests="4" time="0.109" timestamp="2025-04-18T16:25:20">
      <properties>
[...]
</properties>

      <testcase classname="NGramMatcherTest" name="testDifferentLengths" time="0.012" />

      <testcase classname="NGramMatcherTest" name="testAnagram" time="0.005" />

      <testcase classname="NGramMatcherTest" name="testExactAndAbsent" time="0.001" />

      <testcase classname="NGramMatcherTest" name="testMisplaced" time="0.001" />

      <system-out><![CDATA[]]></system-out>

      <system-err><![CDATA[]]></system-err>

  </testsuite>
  <testsuite errors="0" failures="0" hostname="LX002" id="4" name="NGramTest" package="" skipped="0" tests="24" time="0.132" timestamp="2025-04-18T16:25:21">
      <properties>
[...]
</properties>

      <testcase classname="NGramTest" name="testIteratorAndStream" time="0.011" />

      <testcase classname="NGramTest" name="testContainsElsewhereNoOtherIndex" time="0.003" />

      <testcase classname="NGramTest" name="testMatchesDifferentChar" time="0.0" />

      <testcase classname="NGramTest" name="testEqualsNullOrDifferentClass" time="0.0" />

      <testcase classname="NGramTest" name="testFromListEmpty" time="0.0" />

      <testcase classname="NGramTest" name="testGetIndexOutOfBounds" time="0.005" />

      <testcase classname="NGramTest" name="testContainsChar" time="0.002" />

      <testcase classname="NGramTest" name="testFromStringNull" time="0.001" />

      <testcase classname="NGramTest" name="testMatchesValid" time="0.0" />

      <testcase classname="NGramTest" name="testFromListNullList" time="0.0" />

      <testcase classname="NGramTest" name="testFromStringEmpty" time="0.0" />

      <testcase classname="NGramTest" name="testValidateStaticMethodNullList" time="0.0" />

      <testcase classname="NGramTest" name="testFromStringNormal" time="0.0" />

      <testcase classname="NGramTest" name="testFromListNormal" time="0.001" />

      <testcase classname="NGramTest" name="testContainsElsewhereDifferentIndex" time="0.002" />

      <testcase classname="NGramTest" name="testEqualsSameObject" time="0.001" />

      <testcase classname="NGramTest" name="testContainsElsewhereNullIC" time="0.0" />

      <testcase classname="NGramTest" name="testValidateStaticMethod" time="0.001" />

      <testcase classname="NGramTest" name="testValidateStaticMethodNullCharacter" time="0.003" />

      <testcase classname="NGramTest" name="testFromListContainsNullChar" time="0.0" />

      <testcase classname="NGramTest" name="testEqualsAndHashCode" time="0.001" />

      <testcase classname="NGramTest" name="testMatchesInvalidIndex" time="0.0" />

      <testcase classname="NGramTest" name="testGetValidIndex" time="0.0" />

      <testcase classname="NGramTest" name="testContainsElsewhereNotContainsAtAll" time="0.0" />

      <system-out><![CDATA[]]></system-out>

      <system-err><![CDATA[]]></system-err>

  </testsuite>
</testsuites>
